{"level":"info","message":"Running on https://localhost:6868","timestamp":"2023-08-24 15:23:35"}
{"level":"info","message":"Running on https://localhost:6868","timestamp":"2023-08-24 15:34:36"}
{"level":"info","message":"Running on https://localhost:6868","timestamp":"2023-08-24 15:48:51"}
{"level":"info","message":"Running on https://localhost:6868","timestamp":"2023-08-24 15:49:06"}
{"level":"info","message":"Running on https://localhost:6868","timestamp":"2023-08-24 15:49:25"}
{"level":"info","message":"Running on https://localhost:6868","timestamp":"2023-08-24 15:50:30"}
{"level":"info","message":"Running on https://localhost:6868","timestamp":"2023-08-25 08:31:02"}
{"level":"info","message":"Running on https://localhost:6868","timestamp":"2023-08-25 08:42:55"}
{"level":"info","message":"Server running at https://localhost:6868","timestamp":"2023-08-25 08:59:26"}
{"level":"info","message":"Server running at https://localhost:6868","timestamp":"2023-08-25 09:10:47"}
{"level":"info","message":"Server running at http://localhost:6868. Press CTRL-C to stop","timestamp":"2023-08-25 09:31:42"}
{"level":"info","message":"Server running at http://localhost:6868. Press CTRL-C to stop","timestamp":"2023-08-25 09:32:01"}
{"level":"info","message":"Server running at http://localhost:6868. Press CTRL-C to stop","timestamp":"2023-08-25 09:35:57"}
{"level":"info","message":"Got a POST request at /","timestamp":"2023-08-25 09:36:16"}
{"level":"info","message":"Got a POST request at /","timestamp":"2023-08-25 09:36:27"}
{"level":"info","message":"Got a POST request at /","timestamp":"2023-08-25 09:37:55"}
{"level":"info","message":"Got a POST request at /","timestamp":"2023-08-25 09:38:31"}
{"level":"info","message":"Got a POST request at /","timestamp":"2023-08-25 09:42:45"}
{"level":"info","message":"Got a POST request at /","timestamp":"2023-08-25 09:42:50"}
{"level":"info","message":"Got a POST request at /","timestamp":"2023-08-25 09:42:50"}
{"level":"info","message":"Got a POST request at /","timestamp":"2023-08-25 09:42:51"}
{"level":"info","message":"Got a POST request at /","timestamp":"2023-08-25 09:42:51"}
{"level":"info","message":"Got a POST request at /","timestamp":"2023-08-25 09:42:51"}
{"level":"info","message":"Got a POST request at /","timestamp":"2023-08-25 09:42:51"}
{"level":"info","message":"Got a POST request at /","timestamp":"2023-08-25 09:42:51"}
{"level":"info","message":"Got a POST request at /","timestamp":"2023-08-25 09:42:51"}
{"level":"info","message":"Got a POST request at /","timestamp":"2023-08-25 09:42:52"}
{"level":"info","message":"Got a POST request at /","timestamp":"2023-08-25 09:42:52"}
{"level":"info","message":"Got a POST request at /","timestamp":"2023-08-25 09:42:52"}
{"level":"info","message":"Got a POST request at /","timestamp":"2023-08-25 09:42:52"}
{"level":"info","message":"Got a POST request at /","timestamp":"2023-08-25 09:42:52"}
{"level":"info","message":"Got a POST request at /","timestamp":"2023-08-25 09:42:52"}
{"level":"info","message":"Got a POST request at /","timestamp":"2023-08-25 09:42:52"}
{"level":"info","message":"Got a POST request at /","timestamp":"2023-08-25 09:42:53"}
{"level":"info","message":"Got a POST request at /","timestamp":"2023-08-25 09:43:08"}
{"level":"info","message":"Got a POST request at /","timestamp":"2023-08-25 09:43:08"}
{"level":"info","message":"Got a POST request at /","timestamp":"2023-08-25 09:43:08"}
{"level":"info","message":"Got a POST request at /","timestamp":"2023-08-25 09:43:09"}
{"level":"info","message":"Got a POST request at /","timestamp":"2023-08-25 09:43:09"}
{"level":"info","message":"Got a POST request at /","timestamp":"2023-08-25 09:52:38"}
{"level":"info","message":"Got a POST request at /","timestamp":"2023-08-25 09:52:43"}
{"level":"info","message":"Got a POST request at /","timestamp":"2023-08-25 09:54:39"}
{"level":"info","message":"Got a POST request at /","timestamp":"2023-08-25 09:54:42"}
{"level":"info","message":"Got a POST request at /","timestamp":"2023-08-25 09:55:01"}
{"level":"info","message":"Got a POST request at /","timestamp":"2023-08-25 10:00:08"}
{"level":"info","message":"Got a POST request at /","timestamp":"2023-08-25 10:09:53"}
{"level":"info","message":"Got a DELETE request at /","timestamp":"2023-08-25 10:11:49"}
{"level":"info","message":"Got a POST request at /","timestamp":"2023-08-25 10:11:52"}
{"level":"info","message":"Got a PUT request at /","timestamp":"2023-08-25 10:11:53"}
{"level":"info","message":"Got a DELETE request at /","timestamp":"2023-08-25 10:16:00"}
{"level":"info","message":"Got a POST request at /","timestamp":"2023-08-25 10:16:01"}
{"level":"info","message":"Got a PUT request at /","timestamp":"2023-08-25 10:16:01"}
{"level":"info","message":"Got a POST request at /","timestamp":"2023-08-25 10:18:32"}
{"level":"info","message":"Server running at http://localhost:6868. Press CTRL-C to stop","timestamp":"2023-08-25 10:29:54"}
{"level":"info","message":"Server running at http://localhost:6868. Press CTRL-C to stop","timestamp":"2023-08-25 10:36:43"}
{"level":"info","message":"Server running at http://localhost:6868. Press CTRL-C to stop","timestamp":"2023-08-25 10:37:54"}
{"level":"info","message":"Got a DELETE request at /","timestamp":"2023-08-25 10:37:56"}
{"level":"info","message":"Got a POST request at /","timestamp":"2023-08-25 10:38:01"}
{"level":"info","message":"Got a PUT request at /","timestamp":"2023-08-25 10:38:03"}
{"level":"info","message":"Got a DELETE request at /","timestamp":"2023-08-25 10:38:27"}
{"level":"info","message":"Server running at http://localhost:6868. Press CTRL-C to stop","timestamp":"2023-08-25 10:38:50"}
{"level":"info","message":"Got a DELETE request at /","timestamp":"2023-08-25 10:38:53"}
{"level":"info","message":"Got a DELETE request at /","timestamp":"2023-08-25 10:39:22"}
{"level":"info","message":"Server running at http://localhost:6868. Press CTRL-C to stop","timestamp":"2023-08-25 10:39:31"}
{"level":"info","message":"Got a DELETE request at /","timestamp":"2023-08-25 10:39:34"}
{"level":"info","message":"Server running at http://localhost:6868. Press CTRL-C to stop","timestamp":"2023-08-25 10:40:13"}
{"level":"info","message":"Got a DELETE request at /","timestamp":"2023-08-25 10:40:16"}
{"level":"info","message":"Got a PUT request at /","timestamp":"2023-08-25 10:40:19"}
{"level":"info","message":"Got a DELETE request at /","timestamp":"2023-08-25 10:40:24"}
{"level":"info","message":"Got a POST request at /","timestamp":"2023-08-25 10:40:32"}
{"level":"info","message":"Server running at http://localhost:6868. Press CTRL-C to stop","timestamp":"2023-08-25 10:41:30"}
{"level":"info","message":"Got a DELETE request at /","timestamp":"2023-08-25 10:41:31"}
{"level":"info","message":"Got a GET request at /","timestamp":"2023-08-25 10:41:33"}
{"level":"info","message":"Got a POST request at /","timestamp":"2023-08-25 10:41:36"}
{"level":"info","message":"Got a PUT request at /","timestamp":"2023-08-25 10:41:37"}
{"level":"info","message":"Server running at http://localhost:6868. Press CTRL-C to stop","timestamp":"2023-08-25 10:42:07"}
{"level":"info","message":"Got a DELETE request at /test","timestamp":"2023-08-25 10:42:09"}
{"level":"info","message":"Got a GET request at /test","timestamp":"2023-08-25 10:42:10"}
{"level":"info","message":"Got a POST request at /test","timestamp":"2023-08-25 10:42:11"}
{"level":"info","message":"Got a PUT request at /test","timestamp":"2023-08-25 10:42:13"}
{"level":"info","message":"Server running at http://localhost:6868. Press CTRL-C to stop","timestamp":"2023-08-25 10:46:30"}
{"level":"info","message":"Got a POST request at /test","timestamp":"2023-08-25 10:46:33"}
{"level":"info","message":"Got a GET request at /test","timestamp":"2023-08-25 10:46:36"}
{"level":"info","message":"Got a PUT request at /test","timestamp":"2023-08-25 10:46:38"}
{"level":"info","message":"Got a GET request at /test","timestamp":"2023-08-25 10:48:32"}
{"level":"info","message":"Got a GET request at /test","timestamp":"2023-08-25 10:49:53"}
{"level":"info","message":"Got a DELETE request at /test","timestamp":"2023-08-25 10:57:07"}
{"level":"info","message":"Got a GET request at /test","timestamp":"2023-08-25 10:57:08"}
{"level":"info","message":"Got a PUT request at /test","timestamp":"2023-08-25 10:57:10"}
{"level":"info","message":"Got a DELETE request at /test","timestamp":"2023-08-25 10:57:43"}
{"level":"info","message":"Got a GET request at /test","timestamp":"2023-08-25 10:57:45"}
{"level":"info","message":"Got a POST request at /test","timestamp":"2023-08-25 10:57:45"}
{"level":"info","message":"Got a PUT request at /test","timestamp":"2023-08-25 10:57:46"}
{"level":"info","message":"Got a DELETE request at /test","timestamp":"2023-08-25 10:58:44"}
{"level":"info","message":"Got a GET request at /test","timestamp":"2023-08-25 10:58:45"}
{"level":"info","message":"Got a POST request at /test","timestamp":"2023-08-25 10:58:46"}
{"level":"info","message":"Got a PUT request at /test","timestamp":"2023-08-25 10:58:46"}
{"level":"info","message":"Got a DELETE request at /test","timestamp":"2023-08-25 10:59:16"}
{"level":"info","message":"Got a GET request at /test","timestamp":"2023-08-25 10:59:17"}
{"level":"info","message":"Got a PUT request at /test","timestamp":"2023-08-25 10:59:18"}
{"level":"info","message":"Got a POST request at /test","timestamp":"2023-08-25 10:59:18"}
{"level":"info","message":"Got a DELETE request at /test","timestamp":"2023-08-25 11:15:42"}
{"level":"info","message":"Got a GET request at /test","timestamp":"2023-08-25 11:15:42"}
{"level":"info","message":"Got a DELETE request at /test","timestamp":"2023-08-25 11:16:05"}
{"level":"info","message":"Got a GET request at /test","timestamp":"2023-08-25 11:16:07"}
{"level":"info","message":"Got a POST request at /test","timestamp":"2023-08-25 11:16:08"}
{"level":"info","message":"Got a PUT request at /test","timestamp":"2023-08-25 11:16:10"}
{"level":"info","message":"Got a DELETE request at /test","timestamp":"2023-08-25 11:16:18"}
{"level":"info","message":"Got a PUT request at /test","timestamp":"2023-08-25 11:16:24"}
{"level":"info","message":"Got a PUT request at /test","timestamp":"2023-08-25 11:16:29"}
{"level":"info","message":"Got a DELETE request at /test","timestamp":"2023-08-25 11:18:27"}
{"level":"info","message":"Got a GET request at /test","timestamp":"2023-08-25 11:18:28"}
{"level":"info","message":"Got a POST request at /test","timestamp":"2023-08-25 11:18:29"}
{"level":"info","message":"Got a PUT request at /test","timestamp":"2023-08-25 11:18:30"}
{"level":"info","message":"Got a DELETE request at /test","timestamp":"2023-08-25 11:19:08"}
{"level":"info","message":"Got a GET request at /test","timestamp":"2023-08-25 11:19:10"}
{"level":"info","message":"Got a POST request at /test","timestamp":"2023-08-25 11:19:11"}
{"level":"info","message":"Got a PUT request at /test","timestamp":"2023-08-25 11:19:12"}
{"level":"info","message":"Server running at http://localhost:6868. Press CTRL-C to stop","timestamp":"2023-08-25 11:56:13"}
{"level":"info","message":"Server running at http://localhost:3000. Press CTRL-C to stop","timestamp":"2023-08-25 12:05:27"}
{"level":"info","message":"Server running at http://localhost:6868. Press CTRL-C to stop","timestamp":"2023-08-25 12:06:09"}
{"level":"info","message":"Got a GET request at /test","timestamp":"2023-08-25 12:19:02"}
{"level":"info","message":"Got a GET request at /test","timestamp":"2023-08-25 12:20:00"}
{"level":"info","message":"Got a GET request at /test","timestamp":"2023-08-25 12:20:02"}
{"level":"info","message":"Got a GET request at /test","timestamp":"2023-08-25 12:20:06"}
{"level":"info","message":"Got a DELETE request at /test","timestamp":"2023-08-25 12:23:35"}
{"level":"info","message":"Got a GET request at /test","timestamp":"2023-08-25 12:23:36"}
{"level":"info","message":"Server running at http://localhost:6868. Press CTRL-C to stop","timestamp":"2023-08-25 12:48:06"}
{"level":"info","message":"Got a DELETE request at /test","timestamp":"2023-08-25 12:51:27"}
{"level":"info","message":"Got a DELETE request at /test","timestamp":"2023-08-25 13:43:40"}
{"level":"info","message":"Got a GET request at /test","timestamp":"2023-08-25 13:43:42"}
{"level":"info","message":"Got a POST request at /test","timestamp":"2023-08-25 13:43:43"}
{"level":"info","message":"Got a PUT request at /test","timestamp":"2023-08-25 13:43:44"}
{"level":"info","message":"Got a DELETE request at /test","timestamp":"2023-08-25 13:43:46"}
{"level":"info","message":"Got a PUT request at /test","timestamp":"2023-08-25 13:50:33"}
{"level":"info","message":"Got a POST request at /test","timestamp":"2023-08-25 13:50:35"}
{"level":"info","message":"Got a GET request at /test","timestamp":"2023-08-25 13:50:35"}
{"level":"info","message":"Got a DELETE request at /test","timestamp":"2023-08-25 13:50:36"}
{"level":"info","message":"Got a DELETE request at /test","timestamp":"2023-08-25 13:52:42"}
{"level":"info","message":"Got a GET request at /test","timestamp":"2023-08-25 13:52:43"}
{"level":"info","message":"Got a POST request at /test","timestamp":"2023-08-25 13:52:44"}
{"level":"info","message":"Got a PUT request at /test","timestamp":"2023-08-25 13:52:44"}
{"level":"info","message":"Got a DELETE request at /test","timestamp":"2023-08-25 13:55:13"}
{"level":"info","message":"Got a GET request at /test","timestamp":"2023-08-25 13:55:14"}
{"level":"info","message":"Got a POST request at /test","timestamp":"2023-08-25 13:55:14"}
{"level":"info","message":"Got a PUT request at /test","timestamp":"2023-08-25 13:55:16"}
{"level":"info","message":"Got a DELETE request at /test","timestamp":"2023-08-25 14:05:04"}
{"level":"info","message":"Got a GET request at /test","timestamp":"2023-08-25 14:05:05"}
{"level":"info","message":"Got a DELETE request at /test","timestamp":"2023-08-25 14:05:07"}
{"level":"info","message":"Got a GET request at /test","timestamp":"2023-08-25 14:05:08"}
{"level":"info","message":"Got a POST request at /test","timestamp":"2023-08-25 14:05:08"}
{"level":"info","message":"Got a PUT request at /test","timestamp":"2023-08-25 14:05:09"}
{"level":"info","message":"Got a POST request at /test","timestamp":"2023-08-25 14:09:35"}
{"level":"info","message":"Got a PUT request at /test","timestamp":"2023-08-25 14:09:36"}
{"level":"info","message":"Got a DELETE request at /test","timestamp":"2023-08-25 14:09:39"}
{"level":"info","message":"Got a GET request at /test","timestamp":"2023-08-25 14:09:40"}
{"level":"info","message":"Server running at http://localhost:6868. Press CTRL-C to stop","timestamp":"2023-08-25 14:11:06"}
{"level":"info","message":"Server running at http://localhost:6868. Press CTRL-C to stop","timestamp":"2023-08-25 14:11:24"}
{"level":"info","message":"Server running at http://localhost:6868. Press CTRL-C to stop","timestamp":"2023-08-25 14:11:43"}
{"level":"info","message":"Got a POST request at /url","timestamp":"2023-08-25 14:11:53"}
{"level":"info","message":"Got a POST request at /url","timestamp":"2023-08-25 14:11:56"}
{"level":"info","message":"Got a POST request at /url","timestamp":"2023-08-25 14:11:57"}
{"level":"info","message":"Server running at http://localhost:6868. Press CTRL-C to stop","timestamp":"2023-08-25 14:13:40"}
{"level":"info","message":"Server running at http://localhost:6868. Press CTRL-C to stop","timestamp":"2023-08-25 14:14:00"}
{"level":"info","message":"Server running at http://localhost:6868. Press CTRL-C to stop","timestamp":"2023-08-25 14:14:43"}
{"level":"info","message":"Server running at http://localhost:6868. Press CTRL-C to stop","timestamp":"2023-08-25 14:14:54"}
{"level":"info","message":"Server running at http://localhost:6868. Press CTRL-C to stop","timestamp":"2023-08-25 14:15:50"}
{"level":"info","message":"Server running at http://localhost:6868. Press CTRL-C to stop","timestamp":"2023-08-25 14:16:12"}
{"level":"info","message":"Got a DELETE request at /test","timestamp":"2023-08-25 14:16:14"}
{"level":"info","message":"Got a GET request at /test","timestamp":"2023-08-25 14:16:15"}
{"level":"info","message":"Got a POST request at /test","timestamp":"2023-08-25 14:16:16"}
{"level":"info","message":"Got a PUT request at /test","timestamp":"2023-08-25 14:16:16"}
{"level":"info","message":"Server running at http://localhost:6868. Press CTRL-C to stop","timestamp":"2023-08-25 14:16:26"}
{"level":"info","message":"Got a DELETE request at /test","timestamp":"2023-08-25 14:16:37"}
{"level":"info","message":"Got a GET request at /test","timestamp":"2023-08-25 14:16:38"}
{"level":"info","message":"Got a POST request at /test","timestamp":"2023-08-25 14:16:39"}
{"level":"info","message":"Got a POST request at /test","timestamp":"2023-08-25 14:16:39"}
{"level":"info","message":"Got a PUT request at /test","timestamp":"2023-08-25 14:16:40"}
{"level":"info","message":"Got a POST request at /url","timestamp":"2023-08-25 14:16:41"}
{"level":"info","message":"Server started at http://localhost:6868. Press CTRL-C to stop","timestamp":"2023-08-25 14:19:05"}
{"level":"info","message":"Got a POST request at /url","timestamp":"2023-08-25 14:25:27"}
{"level":"info","message":"Server started at http://localhost:6868. Press CTRL-C to stop","timestamp":"2023-08-25 14:28:17"}
{"level":"info","message":"Got a DELETE request at /test","timestamp":"2023-08-25 14:28:25"}
{"level":"info","message":"Got a GET request at /test","timestamp":"2023-08-25 14:28:25"}
{"level":"info","message":"Got a POST request at /test","timestamp":"2023-08-25 14:28:26"}
{"level":"info","message":"Got a PUT request at /test","timestamp":"2023-08-25 14:28:27"}
{"level":"info","message":"Got a POST request at /url","timestamp":"2023-08-25 14:32:16"}
{"level":"info","message":"Got a POST request at /url","timestamp":"2023-08-25 14:32:37"}
{"level":"info","message":"Server started at http://localhost:6868. Press CTRL-C to stop","timestamp":"2023-08-25 14:39:39"}
{"level":"info","message":"Server started at http://localhost:6868. Press CTRL-C to stop","timestamp":"2023-08-25 15:14:44"}
{"level":"info","message":"Server started at http://localhost:6868. Press CTRL-C to stop","timestamp":"2023-08-25 15:15:00"}
{"level":"info","message":"Got a POST request at /url","timestamp":"2023-08-25 15:20:01"}
{"level":"info","message":"Server started at http://localhost:6868. Press CTRL-C to stop","timestamp":"2023-08-25 15:21:23"}
{"level":"info","message":"Got a POST request at /url","timestamp":"2023-08-25 15:21:27"}
{"level":"info","message":"Server started at http://localhost:6868. Press CTRL-C to stop","timestamp":"2023-08-25 15:21:39"}
{"level":"info","message":"Got a POST request at /url","timestamp":"2023-08-25 15:22:30"}
{"level":"info","message":"Got a POST request at /url","timestamp":"2023-08-25 15:25:40"}
{"level":"info","message":"Got a POST request at /url","timestamp":"2023-08-25 15:26:07"}
{"level":"info","message":"Server started at http://localhost:6868. Press CTRL-C to stop","timestamp":"2023-08-25 15:26:16"}
{"level":"info","message":"Got a POST request at /url with the data: undefined","timestamp":"2023-08-25 15:26:20"}
{"level":"info","message":"Server started at http://localhost:6868. Press CTRL-C to stop","timestamp":"2023-08-25 15:26:28"}
{"level":"info","message":"Got a POST request at /url with the data: [object Object]","timestamp":"2023-08-25 15:26:30"}
{"level":"info","message":"Got a POST request at /url with the data: [object Object]","timestamp":"2023-08-25 15:26:37"}
{"level":"info","message":"Server started at http://localhost:6868. Press CTRL-C to stop","timestamp":"2023-08-25 15:26:57"}
{"level":"info","message":"Got a POST request at /url with the data: [object Object]","timestamp":"2023-08-25 15:27:00"}
{"level":"info","message":"Got a POST request at /url with the data: [object Object]","timestamp":"2023-08-25 15:28:00"}
{"level":"info","message":"Got a POST request at /url with the data: [object Object]","timestamp":"2023-08-25 15:29:05"}
{"level":"info","message":"Got a POST request at /url with the data: [object Object]","timestamp":"2023-08-25 15:32:37"}
{"level":"info","message":"Server started at http://localhost:6868. Press CTRL-C to stop","timestamp":"2023-08-25 15:40:32"}
{"level":"info","message":"Server started at http://localhost:6868. Press CTRL-C to stop","timestamp":"2023-08-25 15:40:46"}
{"level":"info","message":"Server started at http://localhost:6868. Press CTRL-C to stop","timestamp":"2023-08-25 15:41:18"}
{"level":"info","message":"Server started at http://localhost:6868. Press CTRL-C to stop","timestamp":"2023-08-25 15:42:39"}
{"level":"info","message":"Server started at http://localhost:6868. Press CTRL-C to stop","timestamp":"2023-08-25 15:43:20"}
{"level":"info","message":"Got a POST request at /url with the data: [object Object]","timestamp":"2023-08-25 15:43:23"}
{"level":"info","message":"Got a POST request at /url with the data: [object Object]","timestamp":"2023-08-25 15:44:30"}
{"level":"info","message":"Got a POST request at /url with the data: [object Object]","timestamp":"2023-08-25 15:46:13"}
{"level":"info","message":"Server started at http://localhost:6868. Press CTRL-C to stop","timestamp":"2023-08-25 15:47:32"}
{"level":"info","message":"Got a POST request at /url with the data: [object Object][object Object]","timestamp":"2023-08-25 15:47:35"}
{"level":"info","message":"Got a POST request at /url with the data: [object Object][object Object]","timestamp":"2023-08-25 15:47:47"}
{"level":"info","message":"Got a PUT request at /test","timestamp":"2023-08-25 15:48:15"}
{"level":"info","message":"Got a POST request at /url with the data: [object Object][object Object]","timestamp":"2023-08-25 15:48:22"}
{"level":"info","message":"Got a POST request at /url with the data: [object Object][object Object]","timestamp":"2023-08-25 15:48:28"}
{"level":"info","message":"Got a POST request at /url with the data: [object Object][object Object]","timestamp":"2023-08-25 15:48:30"}
{"level":"info","message":"Got a POST request at /url with the data: [object Object][object Object]","timestamp":"2023-08-25 15:48:31"}
{"level":"info","message":"Server started at http://localhost:6868. Press CTRL-C to stop","timestamp":"2023-08-25 15:49:22"}
{"level":"info","message":"Got a POST request at /url with the data: undefined","timestamp":"2023-08-25 15:49:26"}
{"level":"info","message":"Got a POST request at /url with the data: undefined","timestamp":"2023-08-25 15:49:57"}
{"level":"info","message":"Server started at http://localhost:6868. Press CTRL-C to stop","timestamp":"2023-08-25 15:50:22"}
{"level":"info","message":"Server started at http://localhost:6868. Press CTRL-C to stop","timestamp":"2023-08-25 15:50:58"}
{"level":"info","message":"Server started at http://localhost:6868. Press CTRL-C to stop","timestamp":"2023-08-25 15:51:18"}
{"level":"info","message":"Got a POST request at /url with the data: undefined","timestamp":"2023-08-25 15:51:22"}
{"level":"info","message":"Server started at http://localhost:6868. Press CTRL-C to stop","timestamp":"2023-08-25 15:53:26"}
{"level":"info","message":"Got a POST request at /url with the data: [object Object]","timestamp":"2023-08-25 15:53:30"}
{"level":"info","message":"Server started at http://localhost:6868. Press CTRL-C to stop","timestamp":"2023-08-25 15:54:53"}
{"level":"info","message":"Got a POST request at /url with the data: undefined","timestamp":"2023-08-25 15:54:57"}
{"level":"info","message":"Server started at http://localhost:6868. Press CTRL-C to stop","timestamp":"2023-08-25 15:55:26"}
{"level":"info","message":"Got a POST request at /url with the data: [object Object]","timestamp":"2023-08-25 15:55:29"}
{"level":"info","message":"Got a POST request at /url with the data: [object Object]","timestamp":"2023-08-25 15:55:50"}
{"level":"info","message":"Server started at http://localhost:6868. Press CTRL-C to stop","timestamp":"2023-08-25 15:55:53"}
{"level":"info","message":"Got a POST request at /url with the data: [object Object]","timestamp":"2023-08-25 15:55:55"}
{"level":"info","message":"Server started at http://localhost:6868. Press CTRL-C to stop","timestamp":"2023-08-25 15:56:09"}
{"level":"info","message":"Got a POST request at /url with the data: [object Object]","timestamp":"2023-08-25 15:56:11"}
{"level":"info","message":"Got a POST request at /url with the data: [object Object]","timestamp":"2023-08-25 15:58:34"}
{"level":"info","message":"Server started at http://localhost:6868. Press CTRL-C to stop","timestamp":"2023-08-25 15:58:37"}
{"level":"info","message":"Got a POST request at /url with the data: [object Object]","timestamp":"2023-08-25 15:58:40"}
{"level":"info","message":"Got a POST request at /url with the data: [object Object]","timestamp":"2023-08-25 15:58:43"}
{"level":"info","message":"Server started at http://localhost:6868. Press CTRL-C to stop","timestamp":"2023-08-25 15:59:57"}
{"level":"info","message":"Server started at http://localhost:6868. Press CTRL-C to stop","timestamp":"2023-08-25 16:04:31"}
{"level":"info","message":"Server started at http://localhost:6868. Press CTRL-C to stop","timestamp":"2023-08-25 16:04:46"}
{"level":"info","message":"Server started at http://localhost:6868. Press CTRL-C to stop","timestamp":"2023-08-25 16:08:02"}
{"level":"info","message":"Got a empty POST request at /url with the data","timestamp":"2023-08-25 16:08:04"}
{"level":"info","message":"Server started at http://localhost:6868. Press CTRL-C to stop","timestamp":"2023-08-25 16:08:54"}
{"level":"info","message":"Got an empty POST request at /url with the data","timestamp":"2023-08-25 16:08:58"}
{"level":"info","message":"Server started at http://localhost:6868. Press CTRL-C to stop","timestamp":"2023-08-25 16:09:10"}
{"level":"info","message":"Got an empty POST request at /url with the data","timestamp":"2023-08-25 16:09:13"}
{"level":"info","message":"Server started at http://localhost:6868. Press CTRL-C to stop","timestamp":"2023-08-25 16:10:05"}
{"level":"info","message":"Got an empty POST request at /url","timestamp":"2023-08-25 16:10:13"}
{"level":"info","message":"Got an empty POST request at /url","timestamp":"2023-08-25 20:45:11"}
{"level":"info","message":"Got an empty POST request at /url","timestamp":"2023-08-25 20:45:12"}
{"level":"info","message":"Got a DELETE request at /test","timestamp":"2023-08-25 20:45:21"}
{"level":"info","message":"Got a GET request at /test","timestamp":"2023-08-25 20:45:23"}
{"level":"info","message":"Got a POST request at /test","timestamp":"2023-08-25 20:45:24"}
{"level":"info","message":"Got a PUT request at /test","timestamp":"2023-08-25 20:45:24"}
{"level":"info","message":"Got an empty POST request at /url","timestamp":"2023-08-25 20:45:26"}
{"level":"info","message":"Got a DELETE request at /test","timestamp":"2023-08-25 20:47:53"}
{"level":"info","message":"Got a GET request at /test","timestamp":"2023-08-25 20:47:55"}
{"level":"info","message":"Got a GET request at /test","timestamp":"2023-08-25 20:47:56"}
{"level":"info","message":"Got a POST request at /test","timestamp":"2023-08-25 20:47:57"}
{"level":"info","message":"Got a PUT request at /test","timestamp":"2023-08-25 20:47:57"}
